C:\USERS\PASSIONPHAM\DESKTOP\GAMECPPSDL2\GAMECPP2\GAMECPP2\DEBUG\GAMECPP2.PCH
C:\USERS\PASSIONPHAM\DESKTOP\GAMECPPSDL2\GAMECPP2\GAMECPP2\DEBUG\STDAFX.OBJ
C:\USERS\PASSIONPHAM\DESKTOP\GAMECPPSDL2\GAMECPP2\GAMECPP2\DEBUG\VC110.PDB
C:\USERS\PASSIONPHAM\DESKTOP\GAMECPPSDL2\GAMECPP2\GAMECPP2\DEBUG\GAMECPP2.OBJ
C:\USERS\PASSIONPHAM\DESKTOP\GAMECPPSDL2\GAMECPP2\GAMECPP2\DEBUG\MAIN.OBJ
C:\USERS\PASSIONPHAM\DESKTOP\GAMECPPSDL2\GAMECPP2\GAMECPP2\DEBUG\BASEOBJECT.OBJ
C:\USERS\PASSIONPHAM\DESKTOP\GAMECPPSDL2\GAMECPP2\GAMECPP2\DEBUG\COMMONFUNC.OBJ
C:\USERS\PASSIONPHAM\DESKTOP\GAMECPPSDL2\GAMECPP2\GAMECPP2\DEBUG\GAME_MAP.OBJ
C:\USERS\PASSIONPHAM\DESKTOP\GAMECPPSDL2\GAMECPP2\GAMECPP2\DEBUG\MAINOBJECT.OBJ
C:\USERS\PASSIONPHAM\DESKTOP\GAMECPPSDL2\GAMECPP2\DEBUG\GAMECPP2.ILK
C:\USERS\PASSIONPHAM\DESKTOP\GAMECPPSDL2\GAMECPP2\DEBUG\GAMECPP2.EXE
C:\USERS\PASSIONPHAM\DESKTOP\GAMECPPSDL2\GAMECPP2\DEBUG\GAMECPP2.PDB
C:\Users\passionpham\Desktop\GameCppSdl2\GameCpp2\GameCpp2\Debug\BaseObject.obj
C:\Users\passionpham\Desktop\GameCppSdl2\GameCpp2\GameCpp2\Debug\CommonFunc.obj
C:\Users\passionpham\Desktop\GameCppSdl2\GameCpp2\GameCpp2\Debug\GameCpp2.obj
C:\Users\passionpham\Desktop\GameCppSdl2\GameCpp2\GameCpp2\Debug\game_map.obj
C:\Users\passionpham\Desktop\GameCppSdl2\GameCpp2\GameCpp2\Debug\main.obj
C:\Users\passionpham\Desktop\GameCppSdl2\GameCpp2\GameCpp2\Debug\MainObject.obj
C:\Users\passionpham\Desktop\GameCppSdl2\GameCpp2\GameCpp2\Debug\stdafx.obj
C:\Users\passionpham\Desktop\GameCppSdl2\GameCpp2\GameCpp2\Debug\cl.command.1.tlog
C:\Users\passionpham\Desktop\GameCppSdl2\GameCpp2\GameCpp2\Debug\CL.read.1.tlog
C:\Users\passionpham\Desktop\GameCppSdl2\GameCpp2\GameCpp2\Debug\CL.write.1.tlog
C:\Users\passionpham\Desktop\GameCppSdl2\GameCpp2\GameCpp2\Debug\link-cvtres.read.1.tlog
C:\Users\passionpham\Desktop\GameCppSdl2\GameCpp2\GameCpp2\Debug\link-cvtres.write.1.tlog
C:\Users\passionpham\Desktop\GameCppSdl2\GameCpp2\GameCpp2\Debug\link-rc.read.1.tlog
C:\Users\passionpham\Desktop\GameCppSdl2\GameCpp2\GameCpp2\Debug\link-rc.write.1.tlog
C:\Users\passionpham\Desktop\GameCppSdl2\GameCpp2\GameCpp2\Debug\link.10616-cvtres.read.1.tlog
C:\Users\passionpham\Desktop\GameCppSdl2\GameCpp2\GameCpp2\Debug\link.10616-cvtres.write.1.tlog
C:\Users\passionpham\Desktop\GameCppSdl2\GameCpp2\GameCpp2\Debug\link.10616-rc.read.1.tlog
C:\Users\passionpham\Desktop\GameCppSdl2\GameCpp2\GameCpp2\Debug\link.10616-rc.write.1.tlog
C:\Users\passionpham\Desktop\GameCppSdl2\GameCpp2\GameCpp2\Debug\link.10616.read.1.tlog
C:\Users\passionpham\Desktop\GameCppSdl2\GameCpp2\GameCpp2\Debug\link.10616.write.1.tlog
C:\Users\passionpham\Desktop\GameCppSdl2\GameCpp2\GameCpp2\Debug\link.13064-cvtres.read.1.tlog
C:\Users\passionpham\Desktop\GameCppSdl2\GameCpp2\GameCpp2\Debug\link.13064-cvtres.write.1.tlog
C:\Users\passionpham\Desktop\GameCppSdl2\GameCpp2\GameCpp2\Debug\link.13064-rc.read.1.tlog
C:\Users\passionpham\Desktop\GameCppSdl2\GameCpp2\GameCpp2\Debug\link.13064-rc.write.1.tlog
C:\Users\passionpham\Desktop\GameCppSdl2\GameCpp2\GameCpp2\Debug\link.13064.read.1.tlog
C:\Users\passionpham\Desktop\GameCppSdl2\GameCpp2\GameCpp2\Debug\link.13064.write.1.tlog
C:\Users\passionpham\Desktop\GameCppSdl2\GameCpp2\GameCpp2\Debug\link.23812-cvtres.read.1.tlog
C:\Users\passionpham\Desktop\GameCppSdl2\GameCpp2\GameCpp2\Debug\link.23812-cvtres.write.1.tlog
C:\Users\passionpham\Desktop\GameCppSdl2\GameCpp2\GameCpp2\Debug\link.23812-rc.read.1.tlog
C:\Users\passionpham\Desktop\GameCppSdl2\GameCpp2\GameCpp2\Debug\link.23812-rc.write.1.tlog
C:\Users\passionpham\Desktop\GameCppSdl2\GameCpp2\GameCpp2\Debug\link.23812.read.1.tlog
C:\Users\passionpham\Desktop\GameCppSdl2\GameCpp2\GameCpp2\Debug\link.23812.write.1.tlog
C:\Users\passionpham\Desktop\GameCppSdl2\GameCpp2\GameCpp2\Debug\link.25840-cvtres.read.1.tlog
C:\Users\passionpham\Desktop\GameCppSdl2\GameCpp2\GameCpp2\Debug\link.25840-cvtres.write.1.tlog
C:\Users\passionpham\Desktop\GameCppSdl2\GameCpp2\GameCpp2\Debug\link.25840-rc.read.1.tlog
C:\Users\passionpham\Desktop\GameCppSdl2\GameCpp2\GameCpp2\Debug\link.25840-rc.write.1.tlog
C:\Users\passionpham\Desktop\GameCppSdl2\GameCpp2\GameCpp2\Debug\link.25840.read.1.tlog
C:\Users\passionpham\Desktop\GameCppSdl2\GameCpp2\GameCpp2\Debug\link.25840.write.1.tlog
C:\Users\passionpham\Desktop\GameCppSdl2\GameCpp2\GameCpp2\Debug\link.27612-cvtres.read.1.tlog
C:\Users\passionpham\Desktop\GameCppSdl2\GameCpp2\GameCpp2\Debug\link.27612-cvtres.write.1.tlog
C:\Users\passionpham\Desktop\GameCppSdl2\GameCpp2\GameCpp2\Debug\link.27612-rc.read.1.tlog
C:\Users\passionpham\Desktop\GameCppSdl2\GameCpp2\GameCpp2\Debug\link.27612-rc.write.1.tlog
C:\Users\passionpham\Desktop\GameCppSdl2\GameCpp2\GameCpp2\Debug\link.27612.read.1.tlog
C:\Users\passionpham\Desktop\GameCppSdl2\GameCpp2\GameCpp2\Debug\link.27612.write.1.tlog
C:\Users\passionpham\Desktop\GameCppSdl2\GameCpp2\GameCpp2\Debug\link.27836-cvtres.read.1.tlog
C:\Users\passionpham\Desktop\GameCppSdl2\GameCpp2\GameCpp2\Debug\link.27836-cvtres.write.1.tlog
C:\Users\passionpham\Desktop\GameCppSdl2\GameCpp2\GameCpp2\Debug\link.27836-rc.read.1.tlog
C:\Users\passionpham\Desktop\GameCppSdl2\GameCpp2\GameCpp2\Debug\link.27836-rc.write.1.tlog
C:\Users\passionpham\Desktop\GameCppSdl2\GameCpp2\GameCpp2\Debug\link.27836.read.1.tlog
C:\Users\passionpham\Desktop\GameCppSdl2\GameCpp2\GameCpp2\Debug\link.27836.write.1.tlog
C:\Users\passionpham\Desktop\GameCppSdl2\GameCpp2\GameCpp2\Debug\link.29692-cvtres.read.1.tlog
C:\Users\passionpham\Desktop\GameCppSdl2\GameCpp2\GameCpp2\Debug\link.29692-cvtres.write.1.tlog
C:\Users\passionpham\Desktop\GameCppSdl2\GameCpp2\GameCpp2\Debug\link.29692-rc.read.1.tlog
C:\Users\passionpham\Desktop\GameCppSdl2\GameCpp2\GameCpp2\Debug\link.29692-rc.write.1.tlog
C:\Users\passionpham\Desktop\GameCppSdl2\GameCpp2\GameCpp2\Debug\link.29692.read.1.tlog
C:\Users\passionpham\Desktop\GameCppSdl2\GameCpp2\GameCpp2\Debug\link.29692.write.1.tlog
C:\Users\passionpham\Desktop\GameCppSdl2\GameCpp2\GameCpp2\Debug\link.6244-cvtres.read.1.tlog
C:\Users\passionpham\Desktop\GameCppSdl2\GameCpp2\GameCpp2\Debug\link.6244-cvtres.write.1.tlog
C:\Users\passionpham\Desktop\GameCppSdl2\GameCpp2\GameCpp2\Debug\link.6244-rc.read.1.tlog
C:\Users\passionpham\Desktop\GameCppSdl2\GameCpp2\GameCpp2\Debug\link.6244-rc.write.1.tlog
C:\Users\passionpham\Desktop\GameCppSdl2\GameCpp2\GameCpp2\Debug\link.6244.read.1.tlog
C:\Users\passionpham\Desktop\GameCppSdl2\GameCpp2\GameCpp2\Debug\link.6244.write.1.tlog
C:\Users\passionpham\Desktop\GameCppSdl2\GameCpp2\GameCpp2\Debug\link.7268-cvtres.read.1.tlog
C:\Users\passionpham\Desktop\GameCppSdl2\GameCpp2\GameCpp2\Debug\link.7268-cvtres.write.1.tlog
C:\Users\passionpham\Desktop\GameCppSdl2\GameCpp2\GameCpp2\Debug\link.7268-rc.read.1.tlog
C:\Users\passionpham\Desktop\GameCppSdl2\GameCpp2\GameCpp2\Debug\link.7268-rc.write.1.tlog
C:\Users\passionpham\Desktop\GameCppSdl2\GameCpp2\GameCpp2\Debug\link.7268.read.1.tlog
C:\Users\passionpham\Desktop\GameCppSdl2\GameCpp2\GameCpp2\Debug\link.7268.write.1.tlog
C:\Users\passionpham\Desktop\GameCppSdl2\GameCpp2\GameCpp2\Debug\link.command.1.tlog
C:\Users\passionpham\Desktop\GameCppSdl2\GameCpp2\GameCpp2\Debug\link.read.1.tlog
C:\Users\passionpham\Desktop\GameCppSdl2\GameCpp2\GameCpp2\Debug\link.write.1.tlog
C:\Users\passionpham\Desktop\GameCppSdl2\GameCpp2\GameCpp2\Debug\GameCpp2.pch
C:\Users\passionpham\Desktop\GameCppSdl2\GameCpp2\GameCpp2\Debug\vc110.idb
C:\Users\passionpham\Desktop\GameCppSdl2\GameCpp2\GameCpp2\Debug\vc110.pdb
C:\Users\passionpham\Desktop\GameCppSdl2\GameCpp2\Debug\GameCpp2.pdb
C:\Users\passionpham\Desktop\GameCppSdl2\GameCpp2\Debug\GameCpp2.exe
C:\Users\passionpham\Desktop\GameCppSdl2\GameCpp2\Debug\GameCpp2.ilk
